<?xml version="1.0" encoding="UTF-8"?>
<!-- Generated by org.testng.reporters.JUnitXMLReporter -->
<testsuite ignored="0" hostname="Ajay" failures="0" tests="3" name="Test" time="44.322" errors="0" timestamp="2026-06-09T22:17:25 IST">
  <testcase classname="keralapropertyTestPackage.RegisterTest" name="Main" time="1.648"/>
  <testcase classname="keralapropertyTestPackage.RegisterTest" name="main2" time="0.013"/>
  <testcase classname="keralapropertyTestPackage.LoginTest" name="Main" time="6.37"/>
</testsuite> <!-- Test -->
