<?xml version="1.0" encoding="UTF-8"?>
<testng-results ignored="0" total="3" passed="3" failed="0" skipped="0">
  <reporter-output>
  </reporter-output>
  <suite started-at="2026-06-09T22:16:41 IST" name="Suite" finished-at="2026-06-09T22:17:25 IST" duration-ms="44322">
    <groups>
    </groups>
    <test started-at="2026-06-09T22:16:41 IST" name="Test" finished-at="2026-06-09T22:17:25 IST" duration-ms="44322">
      <class name="keralapropertyTestPackage.LoginTest">
        <test-method is-config="true" signature="Start()[pri:0, instance:keralapropertyTestPackage.LoginTest@22ff4249]" started-at="2026-06-09T22:17:06 IST" name="Start" finished-at="2026-06-09T22:17:19 IST" duration-ms="13167" status="PASS">
          <reporter-output>
          </reporter-output>
        </test-method> <!-- Start -->
        <test-method signature="Main()[pri:0, instance:keralapropertyTestPackage.LoginTest@22ff4249]" started-at="2026-06-09T22:17:19 IST" name="Main" finished-at="2026-06-09T22:17:25 IST" duration-ms="6370" status="PASS">
          <reporter-output>
          </reporter-output>
        </test-method> <!-- Main -->
      </class> <!-- keralapropertyTestPackage.LoginTest -->
      <class name="keralapropertyTestPackage.RegisterTest">
        <test-method is-config="true" signature="Start()[pri:0, instance:keralapropertyTestPackage.RegisterTest@48f2bd5b]" started-at="2026-06-09T22:16:41 IST" name="Start" finished-at="2026-06-09T22:16:50 IST" duration-ms="8837" status="PASS">
          <reporter-output>
          </reporter-output>
        </test-method> <!-- Start -->
        <test-method signature="Main()[pri:0, instance:keralapropertyTestPackage.RegisterTest@48f2bd5b]" started-at="2026-06-09T22:16:50 IST" name="Main" finished-at="2026-06-09T22:16:51 IST" duration-ms="1648" status="PASS">
          <reporter-output>
          </reporter-output>
        </test-method> <!-- Main -->
        <test-method is-config="true" signature="Start()[pri:0, instance:keralapropertyTestPackage.RegisterTest@48f2bd5b]" started-at="2026-06-09T22:16:51 IST" name="Start" finished-at="2026-06-09T22:17:06 IST" duration-ms="14253" status="PASS">
          <reporter-output>
          </reporter-output>
        </test-method> <!-- Start -->
        <test-method signature="main2()[pri:0, instance:keralapropertyTestPackage.RegisterTest@48f2bd5b]" started-at="2026-06-09T22:17:06 IST" name="main2" finished-at="2026-06-09T22:17:06 IST" duration-ms="13" status="PASS">
          <reporter-output>
          </reporter-output>
        </test-method> <!-- main2 -->
      </class> <!-- keralapropertyTestPackage.RegisterTest -->
    </test> <!-- Test -->
  </suite> <!-- Suite -->
</testng-results>
