<?xml version="1.0" encoding="UTF-8"?>
<!-- Generated by org.testng.reporters.JUnitReportReporter -->
<testsuite hostname="Ajay" failures="0" tests="2" name="keralapropertyTestPackage.RegisterTest" time="24.751" errors="0" timestamp="2026-06-09T22:17:25 IST" skipped="0">
  <testcase classname="keralapropertyTestPackage.RegisterTest" name="main2" time="14.266"/>
  <testcase classname="keralapropertyTestPackage.RegisterTest" name="Main" time="10.485"/>
</testsuite> <!-- keralapropertyTestPackage.RegisterTest -->
